<?xml version="1.0" encoding="UTF-8"?>
<!-- Generated by org.testng.reporters.JUnitXMLReporter -->
<testsuite ignored="0" hostname="IIPLLAP0078" failures="0" tests="4" name="Default test" time="0.111" errors="0" timestamp="2023-12-07T15:21:51 IST">
  <testcase classname="basics.Format" name="Demo" time="0.005"/>
  <testcase classname="basics.Format" name="dpanotation" time="0.005"/>
  <testcase classname="basics.Format" name="dpanotation" time="0.009"/>
  <testcase classname="basics.Format" name="dpanotation" time="0.004"/>
</testsuite> <!-- Default test -->
