<?xml version="1.0" encoding="UTF-8"?>
<!-- Generated by org.testng.reporters.JUnitXMLReporter -->
<testsuite ignored="6" hostname="IIPLLAP0078" failures="0" tests="3" name="allClasses" time="0.083" errors="0" timestamp="2023-12-02T19:24:50 IST">
  <testcase classname="basics.Format" name="Demo" time="0.012"/>
  <testcase classname="basics.Demo2" name="ruralDepartmentUser" time="0.001"/>
  <testcase classname="basics.Demo3" name="townDepartmentUser" time="0.004"/>
  <testcase classname="basics.Demo1" name="test2" time="0.0">
    <ignored/>
  </testcase> <!-- test2 -->
  <testcase classname="basics.Demo3" name="townCitizenLogin" time="0.0">
    <ignored/>
  </testcase> <!-- townCitizenLogin -->
  <testcase classname="basics.Demo2" name="ruralLocalBody" time="0.0">
    <ignored/>
  </testcase> <!-- ruralLocalBody -->
  <testcase classname="basics.Demo3" name="townLocalBody" time="0.0">
    <ignored/>
  </testcase> <!-- townLocalBody -->
  <testcase classname="basics.Demo1" name="test1" time="0.0">
    <ignored/>
  </testcase> <!-- test1 -->
  <testcase classname="basics.Demo2" name="ruralCitizenLogin" time="0.0">
    <ignored/>
  </testcase> <!-- ruralCitizenLogin -->
</testsuite> <!-- allClasses -->
