<?xml version="1.0" encoding="UTF-8"?>
<!-- Generated by org.testng.reporters.JUnitXMLReporter -->
<testsuite ignored="1" hostname="IIPLLAP0078" failures="0" tests="2" name="Rural" time="0.025" errors="0" timestamp="2023-12-07T20:02:50 IST">
  <testcase classname="basics.Demo2" name="ruralDepartmentUser" time="0.006"/>
  <testcase classname="basics.Demo2" name="ruralLocalBody" time="0.005"/>
  <testcase classname="basics.Demo2" name="ruralCitizenLogin" time="0.0">
    <ignored/>
  </testcase> <!-- ruralCitizenLogin -->
</testsuite> <!-- Rural -->
