<?xml version="1.0" encoding="UTF-8"?>
<!-- Generated by org.testng.reporters.JUnitXMLReporter -->
<testsuite ignored="1" hostname="IIPLLAP0078" failures="0" tests="8" name="Test" time="0.171" errors="0" timestamp="2023-12-07T20:02:50 IST">
  <testcase classname="basics.Format" name="Demo" time="0.006"/>
  <testcase classname="basics.Demo3" name="townCitizenLogin" time="0.014"/>
  <testcase classname="basics.Demo1" name="test1" time="0.021"/>
  <testcase classname="basics.Demo3" name="townDepartmentUser" time="0.01"/>
  <testcase classname="basics.Format" name="dpanotation" time="0.003"/>
  <testcase classname="basics.Demo1" name="test2" time="0.01"/>
  <testcase classname="basics.Format" name="dpanotation" time="0.011"/>
  <testcase classname="basics.Format" name="dpanotation" time="0.005"/>
  <testcase classname="basics.Demo3" name="townLocalBody" time="0.0">
    <ignored/>
  </testcase> <!-- townLocalBody -->
</testsuite> <!-- Test -->
